<?xml version="1.0" encoding="UTF-8"?>
<!-- Generated by org.testng.reporters.JUnitReportReporter -->
<testsuite skipped="0" hostname="DESKTOP-HQI8RON" name="AppTest" tests="1" failures="0" timestamp="2021-06-04T18:55:06 GMT-06:00" time="56.950" errors="0">
  <testcase name="testHappyPath" time="56.950" classname="AppTest"/>
  <system-out/>
</testsuite> <!-- AppTest -->
